<?xml version="1.0" encoding="UTF-8"?>
<!-- Generated by org.testng.reporters.JUnitXMLReporter -->
<testsuite hostname="G3G52VP2E" ignored="0" name="API Automation Test Case" tests="3" failures="0" timestamp="2020-10-03T17:33:13 IST" time="2.383" errors="0">
  <testcase name="getAPITestWithoutHeaders" time="0.978" classname="com.dgsl.restapi.tests.GetAPITest"/>
  <testcase name="postAPITestWithHeader" time="1.093" classname="com.dgsl.restapi.tests.PostAPITest"/>
  <testcase name="getAPITestWithHeaders" time="0.715" classname="com.dgsl.restapi.tests.GetAPITest"/>
</testsuite> <!-- API Automation Test Case -->
